2025-02-24 13:50:19,048 - INFO - Data successfully saved to characters.csv
2025-02-24 13:50:19,049 - INFO - Data successfully saved to houses.csv
2025-02-24 13:50:19,049 - INFO - Data successfully saved to spells.csv
2025-02-24 13:50:19,049 - INFO - Data successfully saved to books.csv
2025-02-24 14:05:59,628 - INFO - Data successfully saved to characters.csv
2025-02-24 14:05:59,629 - INFO - Data successfully saved to houses.csv
2025-02-24 14:05:59,629 - INFO - Data successfully saved to spells.csv
2025-02-24 14:05:59,630 - INFO - Data successfully saved to books.csv
2025-02-24 16:04:31,555 - INFO - Data successfully saved to data/spells.csv
2025-02-24 16:04:31,556 - INFO - Data successfully saved to data/characters.csv
2025-02-24 16:04:31,557 - INFO - Data successfully saved to data/books.csv
2025-02-24 16:04:31,557 - INFO - Data successfully saved to data/info.csv
2025-02-24 16:20:31,866 - INFO - Created directory: hp_data
2025-02-24 16:20:32,613 - INFO - Data successfully saved to hp_data/characters.csv
2025-02-24 16:20:32,613 - INFO - Data successfully saved to hp_data/houses.csv
2025-02-24 16:20:32,613 - INFO - Data successfully saved to hp_data/spells.csv
2025-02-24 16:20:32,614 - INFO - Data successfully saved to hp_data/books.csv
2025-02-24 18:03:10,673 - INFO - Data successfully saved to hp_data/characters.csv
2025-02-24 18:03:10,674 - INFO - Data successfully saved to hp_data/houses.csv
2025-02-24 18:03:10,675 - INFO - Data successfully saved to hp_data/spells.csv
2025-02-24 18:03:10,675 - INFO - Data successfully saved to hp_data/books.csv
